/home/pi/.local/lib/python3.7/site-packages/rpi_rf/rpi_rf.py:78: RuntimeWarning: This channel is already in use, continuing anyway.  Use GPIO.setwarnings(False) to disable warnings.
  GPIO.setup(self.gpio, GPIO.OUT)
2021-06-13 23:10:33 - [INFO] send_mqtt: 3513633 [protocol: 1, pulselength: 161, for: 0 seconds]
2021-06-14 07:27:03 - [INFO] send_mqtt: 3513633 [protocol: 1, pulselength: 161, for: 0 seconds]
received message = 3513633
Sending that code...
received message = 3513633
Sending that code...
received message = 3513633
Sending that code...
received message = 3513636
Sending that code...
received message = 3513636
Sending that code...
received message = 3513636
Sending that code...
received message = 3513636
Sending that code...
received message = 3513636
Sending that code...
received message = 3513636
Sending that code...
received message = 3513636
Sending that code...
received message = 3513636
Sending that code...
received message = 3513636
Sending that code...
received message = 3513636
Sending that code...
received message = 3513636
Sending that code...
received message = 3513636
Sending that code...
received message = 3513636
Sending that code...
received message = 3513636
Sending that code...
received message = 3513636
Sending that code...
received message = 3513636
Sending that code...
received message = 13470498
Sending that code...
received message = 13470498
Sending that code...
received message = 13470498
Sending that code...
received message = 13470498
Sending that code...
received message = 13470498
Sending that code...
received message = 13470498
Sending that code...
received message = 3513640
Sending that code...
received message = 3513640
Sending that code...
received message = 3513640
Sending that code...
received message = 3513640
Sending that code...
received message = 3513640
Sending that code...
received message = 3513640
Sending that code...
received message = 3513640
Sending that code...
received message = 3513640
Sending that code...
received message = 3513640
Sending that code...
received message = 3513640
Sending that code...
received message = 3513640
Sending that code...
received message = 3513640
Sending that code...
received message = 3513640
Sending that code...
received message = 3513640
Sending that code...
received message = 3513640
Sending that code...
received message = 3513640
Sending that code...
received message = 3513640
Sending that code...
received message = 3513640
Sending that code...
received message = 3513633
Sending that code...
received message = 3513636
Sending that code...
received message = 3513640
Sending that code...
received message = 3513640
Sending that code...
received message = 3513640
Sending that code...
received message = 3513640
Sending that code...
received message = 3513640
Sending that code...
received message = 3513633
Sending that code...
received message = 3513636
Sending that code...
received message = 3513636
Sending that code...
received message = 3513636
Sending that code...
received message = 3513636
Sending that code...
received message = 3513636
Sending that code...
received message = 3513636
Sending that code...
received message = 3513636
Sending that code...
received message = 3513636
Sending that code...
received message = 3513636
Sending that code...
received message = 3513636
Sending that code...
received message = 3513636
Sending that code...
received message = 3513636
Sending that code...
received message = 3513636
Sending that code...
received message = 3513636
Sending that code...
received message = 3513636
Sending that code...
received message = 13470500
Sending that code...
received message = 13470500
Sending that code...
received message = 13470500
Sending that code...
received message = 13470500
Sending that code...
received message = 13470500
Sending that code...
received message = 13470500
Sending that code...
received message = 13470500
Sending that code...
received message = 13470500
Sending that code...
received message = 13470500
Sending that code...
received message = 13470500
Sending that code...
received message = 13470500
Sending that code...
received message = 13470500
Sending that code...
received message = 13470500
Sending that code...
received message = 13470500
Sending that code...
received message = 13470500
Sending that code...
received message = 13470500
Sending that code...
received message = 13470500
Sending that code...
received message = 13470500
Sending that code...
received message = 13470500
Sending that code...
received message = 13470500
Sending that code...
received message = 13470500
Sending that code...
received message = 13470497
Sending that code...
received message = 13470497
Sending that code...
received message = 13470497
Sending that code...
received message = 13470497
Sending that code...
received message = 13470497
Sending that code...
received message = 13470497
Sending that code...
received message = 13470497
Sending that code...
received message = 13470497
Sending that code...
received message = 13470497
Sending that code...
received message = 13470500
Sending that code...
received message = 13470500
Sending that code...
received message = 13470500
Sending that code...
received message = 13470500
Sending that code...
received message = 13470500
Sending that code...
received message = 13470500
Sending that code...
received message = 13470500
Sending that code...
received message = 13470500
Sending that code...
received message = 13470504
Sending that code...
received message = 13470504
Sending that code...
received message = 13470504
Sending that code...
received message = 13470504
Sending that code...
received message = 13470504
Sending that code...
received message = 13470504
Sending that code...
received message = 13470504
Sending that code...
received message = 13470504
Sending that code...
received message = 13470504
Sending that code...
received message = 13470504
Sending that code...
received message = 13470504
Sending that code...
received message = 13470504
Sending that code...
received message = 13470504
Sending that code...
received message = 13470504
Sending that code...
received message = 13470504
Sending that code...
received message = 13470504
Sending that code...
received message = 13470504
Sending that code...
received message = 13470504
Sending that code...
received message = 13470504
Sending that code...
received message = 13470500
Sending that code...
received message = 13470500
Sending that code...
received message = 13470500
Sending that code...
received message = 13470500
Sending that code...
received message = 13470500
Sending that code...
received message = 13470500
Sending that code...
received message = 13470500
Sending that code...
received message = 13470500
Sending that code...
received message = 13470500
Sending that code...
received message = 13470500
Sending that code...
received message = 13470498
Sending that code...
received message = 13470498
Sending that code...
received message = 13470498
Sending that code...
received message = 13470498
Sending that code...
received message = 13470498
Sending that code...
received message = 13470498
Sending that code...
received message = 13470498
Sending that code...
received message = 13470498
Sending that code...
received message = 13470498
Sending that code...
received message = 13470497
Sending that code...
received message = 13470497
Sending that code...
received message = 3513633
Sending that code...
received message = 3513633
Sending that code...
received message = 3513633
Sending that code...
received message = 3513633
Sending that code...
received message = 3513633
Sending that code...
received message = 3513633
Sending that code...
received message = 3513636
Sending that code...
received message = 3513636
Sending that code...
received message = 3513636
Sending that code...
received message = 3513636
Sending that code...
received message = 3513636
Sending that code...
received message = 3513636
Sending that code...
received message = 3513636
Sending that code...
received message = 3513636
Sending that code...
received message = 3513634
Sending that code...
received message = 3513634
Sending that code...
received message = 3513640
Sending that code...
received message = 3513640
Sending that code...
received message = 3513634
Sending that code...
received message = 3513633
Sending that code...
received message = 3513633
Sending that code...
received message = 3513634
Sending that code...
received message = 3513634
Sending that code...
received message = 3513634
Sending that code...
received message = 3513634
Sending that code...